2021-12-15 11:00:06,563:INFO:VEAF Bot version is 0.0.1 starting...
2021-12-15 11:00:06,571:WARNING:PyNaCl is not installed, voice will NOT be supported
2021-12-15 11:00:06,573:INFO:logging in using static token
2021-12-15 11:00:06,931:INFO:Shard ID None has sent the IDENTIFY payload.
2021-12-15 11:00:07,092:INFO:Shard ID None has connected to Gateway: ["gateway-prd-main-s46b",{"micros":51943,"calls":["discord-sessions-blue-prd-2-139",{"micros":48838,"calls":["start_session",{"micros":31121,"calls":["api-prd-main-0sxj",{"micros":27759,"calls":["get_user",{"micros":2758},"add_authorized_ip",{"micros":1664},"get_guilds",{"micros":3553},"coros_wait",{"micros":2}]}]},"guilds_connect",{"micros":1,"calls":[]},"presence_connect",{"micros":4579,"calls":[]}]}]}] (Session ID: edcbd7dc0a6dd8dff45d3a9a4a944bd0).
2021-12-15 11:00:09,147:INFO:Enregistré avec succès en tant que CatherineBot#1351
2021-12-15 11:00:27,897:INFO:VEAF Bot version is 0.0.1 starting...
2021-12-15 11:00:27,908:WARNING:PyNaCl is not installed, voice will NOT be supported
2021-12-15 11:00:27,910:INFO:logging in using static token
2021-12-15 11:00:28,267:INFO:Shard ID None has sent the IDENTIFY payload.
2021-12-15 11:00:28,471:INFO:Shard ID None has connected to Gateway: ["gateway-prd-main-zmlr",{"micros":95972,"calls":["discord-sessions-blue-prd-2-82",{"micros":93605,"calls":["start_session",{"micros":62589,"calls":["api-prd-main-zl4m",{"micros":58746,"calls":["get_user",{"micros":6405},"add_authorized_ip",{"micros":8800},"get_guilds",{"micros":5915},"coros_wait",{"micros":2}]}]},"guilds_connect",{"micros":1,"calls":[]},"presence_connect",{"micros":30519,"calls":[]}]}]}] (Session ID: eeed383b262034df4b08f157eab6d1c1).
2021-12-15 11:00:30,486:INFO:Enregistré avec succès en tant que CatherineBot#1351
2021-12-15 11:01:36,822:INFO:VEAF Bot version is 0.0.1 starting...
2021-12-15 11:01:36,831:WARNING:PyNaCl is not installed, voice will NOT be supported
2021-12-15 11:01:36,832:INFO:logging in using static token
2021-12-15 11:01:37,194:INFO:Shard ID None has sent the IDENTIFY payload.
2021-12-15 11:01:37,363:INFO:Shard ID None has connected to Gateway: ["gateway-prd-main-3mn0",{"micros":68117,"calls":["discord-sessions-blue-prd-2-122",{"micros":66663,"calls":["start_session",{"micros":46327,"calls":["api-prd-main-82rp",{"micros":41334,"calls":["get_user",{"micros":4640},"add_authorized_ip",{"micros":2324},"get_guilds",{"micros":8055},"coros_wait",{"micros":1}]}]},"guilds_connect",{"micros":2,"calls":[]},"presence_connect",{"micros":5952,"calls":[]}]}]}] (Session ID: a6c2b5a5698caab666c4fafd84b42068).
2021-12-15 11:01:39,379:INFO:Enregistré avec succès en tant que CatherineBot#1351
2021-12-15 11:04:13,213:INFO:VEAF Bot version is 0.0.1 starting...
2021-12-15 11:04:13,224:WARNING:PyNaCl is not installed, voice will NOT be supported
2021-12-15 11:04:13,226:INFO:logging in using static token
2021-12-15 11:04:13,600:INFO:Shard ID None has sent the IDENTIFY payload.
2021-12-15 11:04:13,777:INFO:Shard ID None has connected to Gateway: ["gateway-prd-main-vcl5",{"micros":75733,"calls":["discord-sessions-blue-prd-2-17",{"micros":74371,"calls":["start_session",{"micros":55691,"calls":["api-prd-main-rxrn",{"micros":50432,"calls":["get_user",{"micros":11653},"add_authorized_ip",{"micros":1493},"get_guilds",{"micros":4489},"coros_wait",{"micros":1}]}]},"guilds_connect",{"micros":1,"calls":[]},"presence_connect",{"micros":18076,"calls":[]}]}]}] (Session ID: 6fd47f4176176c64d7c64d109a5b1390).
2021-12-15 11:04:15,815:INFO:Enregistré avec succès en tant que CatherineBot#1351
2021-12-15 11:09:22,020:INFO:Enabling automatic purge
2021-12-15 11:11:28,229:INFO:VEAF Bot version is 0.0.1 starting...
2021-12-15 11:11:28,239:WARNING:PyNaCl is not installed, voice will NOT be supported
2021-12-15 11:11:28,242:INFO:logging in using static token
2021-12-15 11:11:28,682:INFO:Shard ID None has sent the IDENTIFY payload.
2021-12-15 11:11:28,853:INFO:Shard ID None has connected to Gateway: ["gateway-prd-main-8m7k",{"micros":72509,"calls":["discord-sessions-blue-prd-2-19",{"micros":70051,"calls":["start_session",{"micros":43669,"calls":["api-prd-main-tk2r",{"micros":39932,"calls":["get_user",{"micros":5162},"add_authorized_ip",{"micros":4433},"get_guilds",{"micros":3885},"coros_wait",{"micros":2}]}]},"guilds_connect",{"micros":2,"calls":[]},"presence_connect",{"micros":1,"calls":[]}]}]}] (Session ID: 5471439c4f04a02a2f784678571e841b).
2021-12-15 11:11:30,894:INFO:Enregistré avec succès en tant que CatherineBot#1351
